--------------------------------------------------------------------------------
[Jun 12, 2022, 12:42:11.9 PM:ERROR:publisher.cc(774)] Publisher info not found
--------------------------------------------------------------------------------
[Jun 12, 2022, 1:31:19.2 PM:ERROR:publisher.cc(774)] Publisher info not found
[Jun 12, 2022, 1:31:19.2 PM:ERROR:publisher.cc(774)] Publisher info not found
[Jun 12, 2022, 1:37:06.0 PM:ERROR:publisher.cc(774)] Publisher info not found
[Jun 12, 2022, 1:37:06.0 PM:ERROR:publisher.cc(774)] Publisher info not found
[Jun 12, 2022, 1:39:17.3 PM:ERROR:publisher.cc(774)] Publisher info not found
[Jun 12, 2022, 1:39:17.3 PM:ERROR:publisher.cc(774)] Publisher info not found
[Jun 12, 2022, 1:42:46.5 PM:ERROR:publisher.cc(774)] Publisher info not found
[Jun 12, 2022, 1:43:21.8 PM:ERROR:publisher.cc(774)] Publisher info not found
[Jun 12, 2022, 1:44:09.2 PM:ERROR:publisher.cc(774)] Publisher info not found
[Jun 12, 2022, 1:44:59.6 PM:ERROR:publisher.cc(774)] Publisher info not found
[Jun 12, 2022, 1:45:12.0 PM:ERROR:publisher.cc(774)] Publisher info not found
[Jun 12, 2022, 1:45:35.0 PM:ERROR:publisher.cc(774)] Publisher info not found
[Jun 12, 2022, 1:45:45.0 PM:ERROR:publisher.cc(774)] Publisher info not found
[Jun 12, 2022, 1:45:57.6 PM:ERROR:publisher.cc(774)] Publisher info not found
[Jun 12, 2022, 1:46:10.5 PM:ERROR:publisher.cc(774)] Publisher info not found
[Jun 12, 2022, 1:46:25.3 PM:ERROR:publisher.cc(774)] Publisher info not found
[Jun 12, 2022, 7:41:45.1 PM:ERROR:publisher.cc(774)] Publisher info not found
[Jun 12, 2022, 7:41:45.1 PM:ERROR:publisher.cc(774)] Publisher info not found
--------------------------------------------------------------------------------
[Jun 12, 2022, 10:15:04.8 PM:ERROR:publisher.cc(774)] Publisher info not found
[Jun 12, 2022, 10:38:12.0 PM:ERROR:creative_new_tab_page_ads_database_table.cc(596)] Failed to get creative new tab page ad
[Jun 12, 2022, 10:45:21.6 PM:ERROR:publisher.cc(774)] Publisher info not found
[Jun 12, 2022, 10:45:21.6 PM:ERROR:publisher.cc(774)] Publisher info not found
[Jun 12, 2022, 11:46:15.6 PM:ERROR:publisher.cc(774)] Publisher info not found
[Jun 12, 2022, 11:46:15.6 PM:ERROR:publisher.cc(774)] Publisher info not found
--------------------------------------------------------------------------------
[Jun 13, 2022, 4:33:11.2 AM:ERROR:creative_new_tab_page_ads_database_table.cc(596)] Failed to get creative new tab page ad
[Jun 13, 2022, 4:58:23.4 AM:ERROR:publisher.cc(774)] Publisher info not found
[Jun 13, 2022, 4:58:29.1 AM:ERROR:publisher.cc(774)] Publisher info not found
[Jun 13, 2022, 4:58:29.1 AM:ERROR:publisher.cc(774)] Publisher info not found
[Jun 13, 2022, 5:08:15.4 AM:ERROR:publisher.cc(774)] Publisher info not found
[Jun 13, 2022, 5:08:15.4 AM:ERROR:publisher.cc(774)] Publisher info not found
--------------------------------------------------------------------------------
[Jun 13, 2022, 6:06:05.6 AM:ERROR:publisher.cc(774)] Publisher info not found
[Jun 13, 2022, 6:06:34.8 AM:ERROR:publisher.cc(774)] Publisher info not found
[Jun 13, 2022, 6:06:34.8 AM:ERROR:publisher.cc(774)] Publisher info not found
[Jun 13, 2022, 6:26:20.9 AM:ERROR:publisher.cc(774)] Publisher info not found
[Jun 13, 2022, 6:26:26.6 AM:ERROR:publisher.cc(774)] Publisher info not found
[Jun 13, 2022, 6:26:26.6 AM:ERROR:publisher.cc(774)] Publisher info not found
[Jun 13, 2022, 6:49:30.1 AM:ERROR:publisher.cc(774)] Publisher info not found
[Jun 13, 2022, 7:07:17.1 AM:ERROR:publisher.cc(774)] Publisher info not found
[Jun 13, 2022, 7:07:18.5 AM:ERROR:publisher.cc(774)] Publisher info not found
[Jun 13, 2022, 7:07:20.3 AM:ERROR:publisher.cc(774)] Publisher info not found
[Jun 13, 2022, 7:07:21.2 AM:ERROR:publisher.cc(774)] Publisher info not found
[Jun 13, 2022, 7:07:22.3 AM:ERROR:publisher.cc(774)] Publisher info not found
[Jun 13, 2022, 7:07:22.3 AM:ERROR:publisher.cc(774)] Publisher info not found
--------------------------------------------------------------------------------
[Jun 13, 2022, 8:05:30.2 AM:ERROR:publisher.cc(774)] Publisher info not found
[Jun 13, 2022, 8:05:48.8 AM:ERROR:publisher.cc(774)] Publisher info not found
[Jun 13, 2022, 9:00:50.1 AM:ERROR:creative_new_tab_page_ads_database_table.cc(596)] Failed to get creative new tab page ad
[Jun 13, 2022, 9:27:13.7 AM:ERROR:publisher.cc(774)] Publisher info not found
[Jun 13, 2022, 9:27:13.7 AM:ERROR:publisher.cc(774)] Publisher info not found
[Jun 13, 2022, 9:29:32.5 AM:ERROR:publisher.cc(774)] Publisher info not found
[Jun 13, 2022, 9:30:07.2 AM:ERROR:publisher.cc(774)] Publisher info not found
[Jun 13, 2022, 9:35:12.2 AM:ERROR:publisher.cc(774)] Publisher info not found
[Jun 13, 2022, 9:39:48.8 AM:ERROR:publisher.cc(774)] Publisher info not found
[Jun 13, 2022, 9:40:32.9 AM:ERROR:publisher.cc(774)] Publisher info not found
[Jun 13, 2022, 9:48:27.8 AM:ERROR:publisher.cc(774)] Publisher info not found
[Jun 13, 2022, 9:48:34.2 AM:ERROR:publisher.cc(774)] Publisher info not found
[Jun 13, 2022, 10:21:59.0 AM:ERROR:creative_new_tab_page_ads_database_table.cc(596)] Failed to get creative new tab page ad
[Jun 13, 2022, 10:34:18.7 AM:ERROR:creative_new_tab_page_ads_database_table.cc(596)] Failed to get creative new tab page ad
[Jun 13, 2022, 12:33:31.2 PM:ERROR:publisher.cc(774)] Publisher info not found
[Jun 13, 2022, 12:41:42.7 PM:ERROR:publisher.cc(774)] Publisher info not found
[Jun 13, 2022, 12:42:05.3 PM:ERROR:publisher.cc(774)] Publisher info not found
[Jun 13, 2022, 12:42:42.1 PM:ERROR:publisher.cc(774)] Publisher info not found
[Jun 13, 2022, 12:50:57.9 PM:ERROR:publisher.cc(774)] Publisher info not found
[Jun 13, 2022, 12:51:21.8 PM:ERROR:publisher.cc(774)] Publisher info not found
[Jun 13, 2022, 12:55:59.6 PM:ERROR:creative_new_tab_page_ads_database_table.cc(596)] Failed to get creative new tab page ad
[Jun 13, 2022, 1:01:53.8 PM:ERROR:creative_new_tab_page_ads_database_table.cc(596)] Failed to get creative new tab page ad
[Jun 13, 2022, 2:08:17.3 PM:ERROR:publisher.cc(774)] Publisher info not found
[Jun 13, 2022, 2:08:17.3 PM:ERROR:publisher.cc(774)] Publisher info not found
[Jun 13, 2022, 2:08:17.3 PM:ERROR:publisher.cc(774)] Publisher info not found
[Jun 13, 2022, 2:19:02.3 PM:ERROR:publisher.cc(774)] Publisher info not found
[Jun 13, 2022, 2:48:40.8 PM:ERROR:creative_new_tab_page_ads_database_table.cc(596)] Failed to get creative new tab page ad
[Jun 13, 2022, 2:53:19.7 PM:ERROR:publisher.cc(774)] Publisher info not found
[Jun 13, 2022, 2:53:39.0 PM:ERROR:publisher.cc(774)] Publisher info not found
[Jun 13, 2022, 2:57:40.4 PM:ERROR:publisher.cc(774)] Publisher info not found
[Jun 13, 2022, 3:27:42.7 PM:ERROR:publisher.cc(774)] Publisher info not found
[Jun 13, 2022, 3:27:53.1 PM:ERROR:publisher.cc(774)] Publisher info not found
[Jun 13, 2022, 3:28:10.8 PM:ERROR:publisher.cc(774)] Publisher info not found
[Jun 13, 2022, 3:30:50.2 PM:ERROR:publisher.cc(774)] Publisher info not found
[Jun 13, 2022, 3:42:49.7 PM:ERROR:publisher.cc(774)] Publisher info not found
[Jun 13, 2022, 3:45:46.9 PM:ERROR:publisher.cc(774)] Publisher info not found
[Jun 13, 2022, 4:10:33.5 PM:ERROR:publisher.cc(774)] Publisher info not found
[Jun 13, 2022, 4:15:41.2 PM:ERROR:publisher.cc(774)] Publisher info not found
[Jun 13, 2022, 4:18:14.0 PM:ERROR:creative_new_tab_page_ads_database_table.cc(596)] Failed to get creative new tab page ad
--------------------------------------------------------------------------------
[Jun 13, 2022, 4:52:47.6 PM:ERROR:publisher.cc(774)] Publisher info not found
[Jun 13, 2022, 5:00:00.0 PM:ERROR:creative_new_tab_page_ads_database_table.cc(596)] Failed to get creative new tab page ad
--------------------------------------------------------------------------------
[Jun 14, 2022, 2:04:38.7 PM:ERROR:publisher.cc(774)] Publisher info not found
[Jun 14, 2022, 2:12:59.4 PM:ERROR:publisher.cc(774)] Publisher info not found
[Jun 14, 2022, 2:13:01.0 PM:ERROR:publisher.cc(774)] Publisher info not found
[Jun 14, 2022, 2:13:02.7 PM:ERROR:publisher.cc(774)] Publisher info not found
[Jun 14, 2022, 2:13:06.1 PM:ERROR:publisher.cc(774)] Publisher info not found
[Jun 14, 2022, 2:13:07.3 PM:ERROR:publisher.cc(774)] Publisher info not found
[Jun 14, 2022, 2:32:29.8 PM:ERROR:publisher.cc(774)] Publisher info not found
[Jun 14, 2022, 2:34:30.9 PM:ERROR:publisher.cc(774)] Publisher info not found
[Jun 14, 2022, 3:18:48.7 PM:ERROR:refill_unblinded_tokens.cc(193)] Failed to get signed tokens
--------------------------------------------------------------------------------
[Jun 14, 2022, 3:55:00.7 PM:ERROR:publisher.cc(774)] Publisher info not found
--------------------------------------------------------------------------------
[Jun 14, 2022, 8:32:33.0 PM:ERROR:publisher.cc(774)] Publisher info not found
[Jun 14, 2022, 8:33:07.9 PM:ERROR:publisher.cc(774)] Publisher info not found
[Jun 14, 2022, 8:42:21.2 PM:ERROR:publisher.cc(774)] Publisher info not found
[Jun 14, 2022, 8:51:38.2 PM:ERROR:publisher.cc(774)] Publisher info not found
[Jun 14, 2022, 8:55:01.0 PM:ERROR:publisher.cc(774)] Publisher info not found
[Jun 14, 2022, 9:01:06.5 PM:ERROR:publisher.cc(774)] Publisher info not found
[Jun 14, 2022, 9:01:06.5 PM:ERROR:publisher.cc(774)] Publisher info not found
[Jun 14, 2022, 9:02:37.9 PM:ERROR:publisher.cc(774)] Publisher info not found
[Jun 14, 2022, 9:28:04.5 PM:ERROR:creative_new_tab_page_ads_database_table.cc(596)] Failed to get creative new tab page ad
[Jun 14, 2022, 11:17:55.9 PM:ERROR:creative_new_tab_page_ads_database_table.cc(596)] Failed to get creative new tab page ad
[Jun 14, 2022, 11:18:27.7 PM:ERROR:publisher.cc(774)] Publisher info not found
--------------------------------------------------------------------------------
[Jun 15, 2022, 12:41:59.7 AM:ERROR:publisher.cc(774)] Publisher info not found
[Jun 15, 2022, 12:54:49.9 AM:ERROR:publisher.cc(774)] Publisher info not found
[Jun 15, 2022, 1:06:42.7 AM:ERROR:publisher.cc(774)] Publisher info not found
[Jun 15, 2022, 1:32:57.2 AM:ERROR:publisher.cc(774)] Publisher info not found
[Jun 15, 2022, 1:49:36.7 AM:ERROR:creative_new_tab_page_ads_database_table.cc(596)] Failed to get creative new tab page ad
[Jun 15, 2022, 1:52:50.0 AM:ERROR:publisher.cc(774)] Publisher info not found
